[12:33:02] [ServerMain/INFO]: [bootstrap] Running Java 21 (Java HotSpot(TM) 64-Bit Server VM 21.0.3+7-LTS-152; Oracle Corporation null) on Windows 11 10.0 (amd64)
[12:33:02] [ServerMain/INFO]: [bootstrap] Loading Paper 1.21.4-225-main@0767902 (2025-04-11T21:49:39Z) for Minecraft 1.21.4
[12:33:03] [ServerMain/INFO]: [PluginInitializerManager] Initializing plugins...
[12:33:04] [Paper Plugin Remapper Thread - 1/INFO]: [PluginRemapper] Remapping plugin 'plugins\SkinsRestorer.jar'...
[12:33:05] [Paper Plugin Remapper Thread - 1/INFO]: [PluginRemapper] Done remapping plugin 'plugins\SkinsRestorer.jar' in 1770ms.
[12:33:05] [ServerMain/INFO]: [PluginInitializerManager] Initialized 3 plugins
[12:33:05] [ServerMain/INFO]: [PluginInitializerManager] Bukkit plugins (3):
 - OnePlayerSleep (1.3), SkinsRestorer (15.6.2), UltimateTimber (4.1.0)
[12:33:09] [ServerMain/INFO]: Environment: Environment[sessionHost=https://sessionserver.mojang.com, servicesHost=https://api.minecraftservices.com, name=PROD]
[12:33:11] [ServerMain/INFO]: Loaded 1370 recipes
[12:33:11] [ServerMain/INFO]: Loaded 1481 advancements
[12:33:11] [ServerMain/INFO]: [MCTypeRegistry] Initialising converters for DataConverter...
[12:33:11] [ServerMain/INFO]: [MCTypeRegistry] Finished initialising converters for DataConverter in 161.9ms
[12:33:11] [Server thread/INFO]: Starting minecraft server version 1.21.4
[12:33:11] [Server thread/INFO]: Loading properties
[12:33:11] [Server thread/INFO]: This server is running Paper version 1.21.4-225-main@0767902 (2025-04-11T21:49:39Z) (Implementing API version 1.21.4-R0.1-SNAPSHOT)
[12:33:11] [Server thread/INFO]: [spark] This server bundles the spark profiler. For more information please visit https://docs.papermc.io/paper/profiling
[12:33:12] [Server thread/INFO]: Server Ping Player Sample Count: 12
[12:33:12] [Server thread/INFO]: Using 4 threads for Netty based IO
[12:33:12] [Server thread/INFO]: [MoonriseCommon] Paper is using 4 worker threads, 1 I/O threads
[12:33:12] [Server thread/INFO]: [ChunkTaskScheduler] Chunk system is using population gen parallelism: true
[12:33:12] [Server thread/INFO]: Default game type: SURVIVAL
[12:33:12] [Server thread/INFO]: Generating keypair
[12:33:12] [Server thread/INFO]: Starting Minecraft server on *:25565
[12:33:13] [Server thread/INFO]: Using default channel type
[12:33:13] [Server thread/INFO]: Paper: Using Java compression from Velocity.
[12:33:13] [Server thread/INFO]: Paper: Using Java cipher from Velocity.
[12:33:13] [Server thread/WARN]: [org.bukkit.craftbukkit.legacy.CraftLegacy] Initializing Legacy Material Support. Unless you have legacy plugins and/or data this is a bug!
[12:33:21] [Server thread/WARN]: Legacy plugin OnePlayerSleep v1.3 does not specify an api-version.
[12:33:21] [Server thread/INFO]: [UltimateTimber] Loading server plugin UltimateTimber v4.1.0
[12:33:21] [Server thread/INFO]: [com.songoda.ultimatetimber.core.CoreLogger] [UltimateTimber] [SongodaCore] Loading dependency org.reactivestreams:reactive-streams:1.0.2 from https://repo1.maven.org/maven2
[12:33:21] [Server thread/INFO]: [com.songoda.ultimatetimber.core.CoreLogger] [UltimateTimber] [SongodaCore] Loaded dependency 'reactive-streams-1.0.2' successfully.
[12:33:21] [Server thread/INFO]: [com.songoda.ultimatetimber.core.CoreLogger] [UltimateTimber] [SongodaCore] ----------------------------
[12:33:21] [Server thread/INFO]: [com.songoda.ultimatetimber.core.CoreLogger] [UltimateTimber] [SongodaCore] Loading dependency org.apache.commons:commons-text:1.12.0 from https://repo1.maven.org/maven2
[12:33:21] [Server thread/INFO]: [com.songoda.ultimatetimber.core.CoreLogger] [UltimateTimber] [SongodaCore] Loaded dependency 'commons-text-1.12.0' successfully.
[12:33:21] [Server thread/INFO]: [com.songoda.ultimatetimber.core.CoreLogger] [UltimateTimber] [SongodaCore] ----------------------------
[12:33:21] [Server thread/INFO]: [com.songoda.ultimatetimber.core.CoreLogger] [UltimateTimber] [SongodaCore] Loading dependency org.slf4j:slf4j-api:2.0.11 from https://repo1.maven.org/maven2
[12:33:21] [Server thread/INFO]: [com.songoda.ultimatetimber.core.CoreLogger] [UltimateTimber] [SongodaCore] Loaded dependency 'slf4j-api-2.0.11' successfully.
[12:33:21] [Server thread/INFO]: [com.songoda.ultimatetimber.core.CoreLogger] [UltimateTimber] [SongodaCore] ----------------------------
[12:33:21] [Server thread/INFO]: [com.songoda.ultimatetimber.core.CoreLogger] [UltimateTimber] [SongodaCore] Loading dependency org.jooq:jooq:3.14.16 from https://repo1.maven.org/maven2
[12:33:21] [Server thread/INFO]: [com.songoda.ultimatetimber.core.CoreLogger] [UltimateTimber] [SongodaCore] Loaded dependency 'jooq-3.14.16' successfully.
[12:33:21] [Server thread/INFO]: [com.songoda.ultimatetimber.core.CoreLogger] [UltimateTimber] [SongodaCore] ----------------------------
[12:33:21] [Server thread/INFO]: [com.songoda.ultimatetimber.core.CoreLogger] [UltimateTimber] [SongodaCore] Loading dependency com.zaxxer:HikariCP:4.0.3 from https://repo1.maven.org/maven2
[12:33:21] [Server thread/INFO]: [com.songoda.ultimatetimber.core.CoreLogger] [UltimateTimber] [SongodaCore] Loaded dependency 'HikariCP-4.0.3' successfully.
[12:33:21] [Server thread/INFO]: [com.songoda.ultimatetimber.core.CoreLogger] [UltimateTimber] [SongodaCore] ----------------------------
[12:33:21] [Server thread/INFO]: [com.songoda.ultimatetimber.core.CoreLogger] [UltimateTimber] [SongodaCore] Loading dependency com.h2database:h2:1.4.200 from https://repo1.maven.org/maven2
[12:33:21] [Server thread/INFO]: [com.songoda.ultimatetimber.core.CoreLogger] [UltimateTimber] [SongodaCore] Loaded dependency 'h2-1.4.200' successfully.
[12:33:21] [Server thread/INFO]: [com.songoda.ultimatetimber.core.CoreLogger] [UltimateTimber] [SongodaCore] ----------------------------
[12:33:21] [Server thread/INFO]: [com.songoda.ultimatetimber.core.CoreLogger] [UltimateTimber] [SongodaCore] Loading dependency com.github.cryptomorin:XSeries:13.2.0 from https://repo1.maven.org/maven2
[12:33:21] [Server thread/INFO]: [com.songoda.ultimatetimber.core.CoreLogger] [UltimateTimber] [SongodaCore] Loaded dependency 'XSeries-13.2.0' successfully.
[12:33:21] [Server thread/INFO]: [com.songoda.ultimatetimber.core.CoreLogger] [UltimateTimber] [SongodaCore] ----------------------------
[12:33:21] [Server thread/INFO]: [com.songoda.ultimatetimber.core.CoreLogger] [UltimateTimber] [SongodaCore] Loading dependency org.mariadb.jdbc:mariadb-java-client:3.2.0 from https://repo1.maven.org/maven2
[12:33:21] [Server thread/INFO]: [com.songoda.ultimatetimber.core.CoreLogger] [UltimateTimber] [SongodaCore] Loaded dependency 'mariadb-java-client-3.2.0' successfully.
[12:33:21] [Server thread/INFO]: [com.songoda.ultimatetimber.core.CoreLogger] [UltimateTimber] [SongodaCore] ----------------------------
[12:33:21] [Server thread/INFO]: [com.songoda.ultimatetimber.core.CoreLogger] [UltimateTimber] [SongodaCore] Loading dependency org.apache.commons:commons-lang3:3.14.0 from https://repo1.maven.org/maven2
[12:33:21] [Server thread/INFO]: [com.songoda.ultimatetimber.core.CoreLogger] [UltimateTimber] [SongodaCore] Loaded dependency 'commons-lang3-3.14.0' successfully.
[12:33:21] [Server thread/INFO]: [com.songoda.ultimatetimber.core.CoreLogger] [UltimateTimber] [SongodaCore] ----------------------------
[12:33:21] [Server thread/INFO]: [SkinsRestorer] Loading server plugin SkinsRestorer v15.6.2
[12:33:21] [Server thread/INFO]: [OnePlayerSleep] Loading server plugin OnePlayerSleep v1.3
[12:33:21] [Server thread/INFO]: Server permissions file permissions.yml is empty, ignoring it
[12:33:21] [Server thread/INFO]: [SkinsRestorer] Enabling SkinsRestorer v15.6.2
[12:33:22] [Server thread/WARN]: [SkinsRestorer] You must agree to the rules at 'commands.perSkinPermissionsConsent' in the config to use per skin permissions.
[12:33:24] [Server thread/INFO]: [SkinsRestorer] Running on Minecraft 1.21.4.
[12:33:24] [Server thread/INFO]: [SkinsRestorer] Using paper join listener!
[12:33:25] [Server thread/WARN]: **** SERVER IS RUNNING IN OFFLINE/INSECURE MODE!
[12:33:25] [Server thread/WARN]: The server will make no attempt to authenticate usernames. Beware.
[12:33:25] [Server thread/WARN]: While this makes the game possible to play without internet access, it also opens up the ability for hackers to connect with any username they choose.
[12:33:25] [Server thread/WARN]: To change this, set "online-mode" to "true" in the server.properties file.
[12:33:25] [Server thread/INFO]: Preparing level "world"
[12:33:25] [Folia Async Scheduler Thread #1/INFO]: [SkinsRestorer] ----------------------------------------------
[12:33:25] [Folia Async Scheduler Thread #1/INFO]: [SkinsRestorer]     +==================+
[12:33:25] [Folia Async Scheduler Thread #1/INFO]: [SkinsRestorer]     |   SkinsRestorer  |
[12:33:25] [Folia Async Scheduler Thread #1/INFO]: [SkinsRestorer]     |------------------|
[12:33:25] [Folia Async Scheduler Thread #1/INFO]: [SkinsRestorer]     |  Standalone Mode |
[12:33:25] [Folia Async Scheduler Thread #1/INFO]: [SkinsRestorer]     +==================+
[12:33:25] [Folia Async Scheduler Thread #1/INFO]: [SkinsRestorer] ----------------------------------------------
[12:33:25] [Folia Async Scheduler Thread #1/INFO]: [SkinsRestorer]     Version: 15.6.2
[12:33:25] [Folia Async Scheduler Thread #1/INFO]: [SkinsRestorer]     Commit: 7bda5de
[12:33:25] [Folia Async Scheduler Thread #1/INFO]: [SkinsRestorer]     This is the latest version!
[12:33:25] [Folia Async Scheduler Thread #1/INFO]: [SkinsRestorer] ----------------------------------------------
[12:33:25] [Folia Async Scheduler Thread #1/INFO]: [SkinsRestorer] Do you have issues? Read our troubleshooting guide: https://skinsrestorer.net/docs/troubleshooting
[12:33:25] [Folia Async Scheduler Thread #1/INFO]: [SkinsRestorer] Want to support SkinsRestorer? Consider donating: https://skinsrestorer.net/donate
[12:33:25] [Server thread/INFO]: Preparing start region for dimension minecraft:overworld
[12:33:25] [Server thread/INFO]: Preparing spawn area: 0%
[12:33:26] [Server thread/INFO]: Preparing spawn area: 8%
[12:33:26] [Server thread/INFO]: Time elapsed: 831 ms
[12:33:26] [Server thread/INFO]: Preparing start region for dimension minecraft:the_nether
[12:33:26] [Server thread/INFO]: Preparing spawn area: 0%
[12:33:26] [Server thread/INFO]: Time elapsed: 135 ms
[12:33:26] [Server thread/INFO]: Preparing start region for dimension minecraft:the_end
[12:33:26] [Server thread/INFO]: Preparing spawn area: 0%
[12:33:26] [Server thread/INFO]: Time elapsed: 131 ms
[12:33:26] [Server thread/INFO]: [UltimateTimber] Enabling UltimateTimber v4.1.0
[12:33:26] [Server thread/INFO]:  
[12:33:26] [Server thread/INFO]: =============================
[12:33:26] [Server thread/INFO]: UltimateTimber 4.1.0 by Songoda <3!
[12:33:26] [Server thread/INFO]: Action: Enabling...
[12:33:26] [Server thread/INFO]: [UltimateTimber] Loaded locale "en_US"
[12:33:26] [Server thread/INFO]: [com.songoda.ultimatetimber.core.CoreLogger] [UltimateTimber] [SongodaCore] [SongodaCore] Hooked UltimateTimber.
[12:33:27] [Server thread/INFO]: =============================
[12:33:27] [Server thread/INFO]:  
[12:33:27] [Server thread/INFO]: [OnePlayerSleep] Enabling OnePlayerSleep v1.3*
[12:33:27] [Server thread/INFO]: [spark] Starting background profiler...
[12:33:27] [Server thread/INFO]: [spark] The async-profiler engine is not supported for your os/arch (windows11/amd64), so the built-in Java engine will be used instead.
[12:33:27] [Server thread/INFO]: Done preparing level "world" (2.415s)
[12:33:27] [Server thread/INFO]: Running delayed init tasks
[12:33:27] [Server thread/INFO]: Done (25.571s)! For help, type "help"
[12:36:41] [User Authenticator #0/INFO]: UUID of player jptusk is 088cbee9-2d1b-3751-8e68-817ef14e85f6
[12:36:42] [Server thread/INFO]: jptusk joined the game
[12:36:42] [Server thread/INFO]: jptusk[/[0:0:0:0:0:0:0:1]:50267] logged in with entity id 185 at ([world]116.97381563838076, 113.0, -56.56546437746007)
[12:40:15] [User Authenticator #1/INFO]: UUID of player KardoDziob is 169f30be-4c78-39d7-b812-0cd30c1438ad
[12:40:16] [Server thread/INFO]: KardoDziob joined the game
[12:40:16] [Server thread/INFO]: KardoDziob[/[0:0:0:0:0:0:0:1]:50455] logged in with entity id 1351 at ([world]53.138925272115785, 121.0, -164.02401228337845)
[12:41:36] [Async Chat Thread - #0/INFO]: [Not Secure] <KardoDziob> da sie koty rozmnazac?
[12:41:43] [Async Chat Thread - #0/INFO]: [Not Secure] <jptusk> rybom
[12:41:50] [Async Chat Thread - #0/INFO]: [Not Secure] <KardoDziob> moge je pogwalcic?
[12:41:56] [Async Chat Thread - #0/INFO]: [Not Secure] <KardoDziob> bo dwa potrzebuje
[12:42:06] [Async Chat Thread - #0/INFO]: [Not Secure] <KardoDziob> mam ryby
[12:42:07] [Async Chat Thread - #0/INFO]: [Not Secure] <jptusk> oke
[12:43:21] [Async Chat Thread - #2/INFO]: [Not Secure] <jptusk> to dawaj
[12:43:27] [Async Chat Thread - #2/INFO]: [Not Secure] <jptusk> o pojde expiare naprawie
[12:43:36] [Server thread/INFO]: KardoDziob has made the advancement [The Parrots and the Bats]
[12:43:54] [Async Chat Thread - #2/INFO]: [Not Secure] <KardoDziob> ile cooldown
[12:43:58] [Async Chat Thread - #2/INFO]: [Not Secure] <jptusk> pare minut
[12:43:59] [Async Chat Thread - #3/INFO]: [Not Secure] <KardoDziob> zeby drugiego zrobic
[12:44:04] [Async Chat Thread - #3/INFO]: [Not Secure] <jptusk> musze z toba pojsc
[12:44:09] [Async Chat Thread - #3/INFO]: [Not Secure] <jptusk> bo sie mnie slucha
[12:44:17] [Async Chat Thread - #3/INFO]: [Not Secure] <KardoDziob> dobra
[12:45:08] [Async Chat Thread - #3/INFO]: [Not Secure] <KardoDziob> tu
[12:45:08] [Async Chat Thread - #3/INFO]: [Not Secure] <jptusk> daj dirta
[12:45:15] [Async Chat Thread - #3/INFO]: [Not Secure] <KardoDziob> kurwa
[12:45:18] [Async Chat Thread - #3/INFO]: [Not Secure] <KardoDziob> kto to rozjebal
[12:45:50] [User Authenticator #2/INFO]: UUID of player Antekgol is 16fc6484-d674-3243-a604-0c5efb78ed20
[12:45:51] [Server thread/INFO]: Antekgol joined the game
[12:45:51] [Server thread/INFO]: Antekgol[/[0:0:0:0:0:0:0:1]:50611] logged in with entity id 2599 at ([world]208.0085413993937, 118.0, -115.93731448732109)
[12:45:58] [Async Chat Thread - #3/INFO]: [Not Secure] <Antekgol> siemano
[12:46:09] [Async Chat Thread - #3/INFO]: [Not Secure] <KardoDziob> siemano kolano
[12:46:12] [Async Chat Thread - #3/INFO]: [Not Secure] <KardoDziob> git
[12:46:23] [Async Chat Thread - #3/INFO]: [Not Secure] <jptusk> elko
[12:46:28] [Async Chat Thread - #3/INFO]: [Not Secure] <KardoDziob> i tera drugi z przeciwnej strony
[12:47:40] [Async Chat Thread - #4/INFO]: [Not Secure] <KardoDziob> dobra ja musze na chwile spadac
[12:47:50] [Server thread/INFO]: KardoDziob lost connection: Disconnected
[12:47:50] [Server thread/INFO]: KardoDziob left the game
[12:48:29] [Server thread/WARN]: Antekgol moved too quickly! 1.7876211447865455,0.7531999805212024,-9.834767355484901
[12:54:00] [Server thread/INFO]: Made jptusk a server operator
[12:54:44] [Server thread/INFO]: jptusk issued server command: /gamemode creative
[12:54:44] [Server thread/INFO]: [jptusk: Set own game mode to Creative Mode]
[12:57:42] [User Authenticator #3/INFO]: UUID of player Maciekmo is 95a78bae-1dac-3b51-b378-91b5aa6ce16a
[12:57:42] [Server thread/INFO]: Maciekmo joined the game
[12:57:42] [Server thread/INFO]: Maciekmo[/[0:0:0:0:0:0:0:1]:50928] logged in with entity id 7162 at ([world]-104.11615006684757, 71.0, 46.15282472305335)
[12:57:54] [Async Chat Thread - #6/INFO]: [Not Secure] <Maciekmo> yo
[12:58:32] [Server thread/INFO]: Antekgol has made the advancement [What a Deal!]
[13:07:02] [Server thread/INFO]: Antekgol lost connection: Disconnected
[13:07:02] [Server thread/INFO]: Antekgol left the game
[13:09:32] [Server thread/INFO]: jptusk has made the advancement [You've Got a Friend in Me]
[13:09:54] [User Authenticator #4/INFO]: UUID of player Antekgol is 16fc6484-d674-3243-a604-0c5efb78ed20
[13:09:54] [Server thread/INFO]: Antekgol joined the game
[13:09:54] [Server thread/INFO]: Antekgol[/[0:0:0:0:0:0:0:1]:51580] logged in with entity id 10311 at ([world]-4.098344044108108, 104.0, 29.983770673446184)
[13:12:01] [User Authenticator #5/INFO]: UUID of player bilbord is d3511339-62fb-3171-ab27-7ec9aefbcacc
[13:12:02] [Server thread/INFO]: bilbord joined the game
[13:12:02] [Server thread/INFO]: bilbord[/[0:0:0:0:0:0:0:1]:51806] logged in with entity id 11069 at ([world]87.85820556551835, 111.0, -43.93003878210556)
[13:12:08] [Async Chat Thread - #8/INFO]: [Not Secure] <bilbord> klasyczek
[13:12:10] [Server thread/INFO]: jptusk issued server command: /gamemode survival
[13:12:10] [Server thread/INFO]: [jptusk: Set own game mode to Survival Mode]
[13:12:14] [Async Chat Thread - #8/INFO]: [Not Secure] <bilbord> 4 osoby na serwerze zero na dycku
[13:12:35] [Server thread/INFO]: jptusk issued server command: /gamemode creative
[13:12:35] [Server thread/INFO]: [jptusk: Set own game mode to Creative Mode]
[13:12:49] [User Authenticator #5/INFO]: UUID of player exdi9 is 56c49fbd-1316-3c34-9042-bb4344b86bf4
[13:12:50] [Server thread/INFO]: exdi9 joined the game
[13:12:50] [Server thread/INFO]: exdi9[/127.0.0.1:51858] logged in with entity id 11661 at ([world]-54.17619073527151, 39.0, 1660.9032050979579)
[13:12:56] [Async Chat Thread - #8/INFO]: [Not Secure] <exdi9> ej czemu nikogo nie ma na dycku
[13:14:17] [Server thread/INFO]: jptusk issued server command: /gamemode survival
[13:14:17] [Server thread/INFO]: [jptusk: Set own game mode to Survival Mode]
[13:14:43] [Server thread/INFO]: Maciekmo lost connection: Disconnected
[13:14:43] [Server thread/INFO]: Maciekmo left the game
[13:19:47] [Server thread/INFO]: jptusk has made the advancement [Local Brewery]
[13:23:16] [Server thread/INFO]: jptusk lost connection: Disconnected
[13:23:16] [Server thread/INFO]: jptusk left the game
[13:24:59] [Server thread/INFO]: exdi9 has made the advancement [Crafting a New Look]
[13:45:06] [Async Chat Thread - #10/INFO]: [Not Secure] <exdi9> zw
[13:47:14] [Server thread/INFO]: bilbord has made the advancement [What a Deal!]
[14:00:00] [Server thread/INFO]: Villager Villager['Librarian'/238, uuid='2332b64b-b467-4158-ab70-fe6a0d0b8cf0', l='ServerLevel[world]', x=83.53, y=63.00, z=-30.30, cpos=[5, -2], tl=99928, v=true] died, message: 'Librarian was slain by exdi9'
[14:02:04] [User Authenticator #6/INFO]: UUID of player Maciekmo is 95a78bae-1dac-3b51-b378-91b5aa6ce16a
[14:02:04] [Server thread/INFO]: Maciekmo joined the game
[14:02:04] [Server thread/INFO]: Maciekmo[/[0:0:0:0:0:0:0:1]:53209] logged in with entity id 44785 at ([world]-95.30000001192093, 73.0, 36.09338412015958)
[14:06:13] [Async Chat Thread - #12/INFO]: [Not Secure] <Maciekmo> exp działa?
[14:06:16] [Async Chat Thread - #12/INFO]: [Not Secure] <bilbord> dziala
[14:06:26] [Async Chat Thread - #12/INFO]: [Not Secure] <Maciekmo> a potki są czy trzeba robic
[14:06:34] [Async Chat Thread - #12/INFO]: [Not Secure] <exdi9> idk
[14:13:04] [Server thread/INFO]: Villager Villager['Librarian'/217, uuid='e07e64cc-07d8-4900-8c94-0fc0e6908ded', l='ServerLevel[world]', x=85.34, y=63.00, z=-38.70, cpos=[5, -3], tl=115609, v=true] died, message: 'Librarian was slain by exdi9'
[14:14:01] [Server thread/INFO]: Villager Villager['Librarian'/218, uuid='8c967f81-20ab-4ae1-9240-4f208ab951ef', l='ServerLevel[world]', x=89.54, y=63.00, z=-38.70, cpos=[5, -3], tl=116755, v=true] died, message: 'Librarian was slain by exdi9'
[14:20:02] [Server thread/INFO]: Maciekmo has made the advancement [Best Friends Forever]
[14:20:16] [Async Chat Thread - #14/INFO]: [Not Secure] <Antekgol> ej jak wyjde z serwera w netherze to dalej bede w netherze jak wroce nie ?
[14:20:19] [Async Chat Thread - #14/INFO]: [Not Secure] <Antekgol> glupie pytane
[14:20:22] [Async Chat Thread - #15/INFO]: [Not Secure] <exdi9> tak
[14:20:25] [Server thread/INFO]: Antekgol lost connection: Disconnected
[14:20:25] [Server thread/INFO]: Antekgol left the game
[14:24:19] [Server thread/INFO]: Stopping the server
[14:24:19] [Server thread/INFO]: Stopping server
[14:24:19] [Server thread/INFO]: [OnePlayerSleep] Disabling OnePlayerSleep v1.3
[14:24:19] [Server thread/INFO]: [SkinsRestorer] Disabling SkinsRestorer v15.6.2
[14:24:19] [Server thread/INFO]: [UltimateTimber] Disabling UltimateTimber v4.1.0
[14:24:19] [Server thread/INFO]:  
[14:24:19] [Server thread/INFO]: =============================
[14:24:19] [Server thread/INFO]: UltimateTimber 4.1.0 by Songoda <3!
[14:24:19] [Server thread/INFO]: Action: Disabling...
[14:24:19] [Server thread/INFO]: =============================
[14:24:19] [Server thread/INFO]:  
[14:24:19] [Server thread/INFO]: Saving players
[14:24:19] [Server thread/INFO]: bilbord lost connection: Server closed
[14:24:19] [Server thread/INFO]: bilbord left the game
[14:24:19] [Server thread/INFO]: exdi9 lost connection: Server closed
[14:24:19] [Server thread/INFO]: exdi9 left the game
[14:24:19] [Server thread/INFO]: Maciekmo lost connection: Server closed
[14:24:19] [Server thread/INFO]: Maciekmo left the game
[14:24:19] [Server thread/INFO]: Saving worlds
[14:24:19] [Server thread/INFO]: Saving chunks for level 'ServerLevel[world]'/minecraft:overworld
[14:24:19] [Server thread/INFO]: [ChunkHolderManager] Waiting 60s for chunk system to halt for world 'world'
[14:24:19] [Server thread/INFO]: [ChunkHolderManager] Halted chunk system for world 'world'
[14:24:19] [Server thread/INFO]: [ChunkHolderManager] Saving all chunkholders for world 'world'
[14:24:20] [Server thread/INFO]: [ChunkHolderManager] Saved 88 block chunks, 613 entity chunks, 0 poi chunks in world 'world' in 0.18s
[14:24:20] [Server thread/INFO]: [ChunkHolderManager] Waiting 60s for chunk I/O to halt for world 'world'
[14:24:20] [Server thread/INFO]: [ChunkHolderManager] Halted I/O scheduler for world 'world'
[14:24:20] [Server thread/INFO]: Saving chunks for level 'ServerLevel[world_nether]'/minecraft:the_nether
[14:24:20] [Server thread/INFO]: [ChunkHolderManager] Waiting 60s for chunk system to halt for world 'world_nether'
[14:24:20] [Server thread/INFO]: [ChunkHolderManager] Halted chunk system for world 'world_nether'
[14:24:20] [Server thread/INFO]: [ChunkHolderManager] Saving all chunkholders for world 'world_nether'
[14:24:20] [Server thread/INFO]: [ChunkHolderManager] Saved 71 block chunks, 72 entity chunks, 0 poi chunks in world 'world_nether' in 0.07s
[14:24:20] [Server thread/INFO]: [ChunkHolderManager] Waiting 60s for chunk I/O to halt for world 'world_nether'
[14:24:20] [Server thread/INFO]: [ChunkHolderManager] Halted I/O scheduler for world 'world_nether'
[14:24:20] [Server thread/INFO]: Saving chunks for level 'ServerLevel[world_the_end]'/minecraft:the_end
[14:24:20] [Server thread/INFO]: [ChunkHolderManager] Waiting 60s for chunk system to halt for world 'world_the_end'
[14:24:20] [Server thread/INFO]: [ChunkHolderManager] Halted chunk system for world 'world_the_end'
[14:24:20] [Server thread/INFO]: [ChunkHolderManager] Saving all chunkholders for world 'world_the_end'
[14:24:20] [Server thread/INFO]: [ChunkHolderManager] Saved 0 block chunks, 10 entity chunks, 0 poi chunks in world 'world_the_end' in 0.01s
[14:24:20] [Server thread/INFO]: [ChunkHolderManager] Waiting 60s for chunk I/O to halt for world 'world_the_end'
[14:24:20] [Server thread/INFO]: [ChunkHolderManager] Halted I/O scheduler for world 'world_the_end'
[14:24:20] [Server thread/INFO]: ThreadedAnvilChunkStorage (world): All chunks are saved
[14:24:20] [Server thread/INFO]: ThreadedAnvilChunkStorage (DIM-1): All chunks are saved
[14:24:20] [Server thread/INFO]: ThreadedAnvilChunkStorage (DIM1): All chunks are saved
[14:24:20] [Server thread/INFO]: ThreadedAnvilChunkStorage: All dimensions are saved
[14:24:20] [Server thread/INFO]: Waiting for I/O tasks to complete...
[14:24:20] [Server thread/INFO]: All I/O tasks to complete
[14:24:20] [Server thread/INFO]: [MoonriseCommon] Awaiting termination of worker pool for up to 60s...
[14:24:20] [Server thread/INFO]: [MoonriseCommon] Awaiting termination of I/O pool for up to 60s...
